<?xml version="1.0" encoding="UTF-8"?>
<!-- Generated by org.testng.reporters.JUnitReportReporter -->
<testsuite hostname="HP" failures="0" tests="2" name="neostoxTest.NeoStoxTest1" time="14.465" errors="0" timestamp="2022-11-30T11:26:31 IST" skipped="0">
  <testcase classname="neostoxTest.NeoStoxTest1" name="validatingFunds" time="5.807"/>
  <system-out>
    <![CDATA[getting balance
testcase  validatingFunds  is pass]]>
  </system-out>
  <testcase classname="neostoxTest.NeoStoxTest1" name="validateUsernamefrom" time="8.658"/>
  <system-out>
    <![CDATA[getting actual username
testcase  validateUsernamefrom  is pass]]>
  </system-out>
</testsuite> <!-- neostoxTest.NeoStoxTest1 -->
