<?xml version="1.0" encoding="UTF-8"?>
<!-- Generated by org.testng.reporters.JUnitReportReporter -->
<testsuite hostname="HP" failures="0" tests="2" name="neostoxTest.NeoStoxTest1" time="28.639" errors="0" timestamp="2022-12-09T14:12:29 IST" skipped="0">
  <testcase classname="neostoxTest.NeoStoxTest1" name="validatingFunds" time="19.039"/>
  <system-out>
    <![CDATA[getting balance
testcase  validatingFunds  is pass]]>
  </system-out>
  <testcase classname="neostoxTest.NeoStoxTest1" name="validateUsernamefrom" time="9.600"/>
  <system-out>
    <![CDATA[getting actual username
testcase  validateUsernamefrom  is pass]]>
  </system-out>
</testsuite> <!-- neostoxTest.NeoStoxTest1 -->
