<?xml version="1.0" encoding="UTF-8"?>
<!-- Generated by org.testng.reporters.JUnitReportReporter -->
<testsuite hostname="HP" failures="0" tests="1" name="neostoxTest.NeoStoxTest2" time="7.077" errors="0" timestamp="2022-11-29T12:09:34 IST" skipped="0">
  <testcase classname="neostoxTest.NeoStoxTest2" name="validatigUsename" time="7.077"/>
  <system-out>
    <![CDATA[testcase  validatigUsename  is pass]]>
  </system-out>
</testsuite> <!-- neostoxTest.NeoStoxTest2 -->
