<?xml version="1.0" encoding="UTF-8"?>
<!-- Generated by org.testng.reporters.JUnitReportReporter -->
<testsuite hostname="HP" failures="0" tests="1" name="neostoxTest.NeoStoxTest2" time="9.206" errors="0" timestamp="2022-12-09T20:39:55 IST" skipped="0">
  <testcase classname="neostoxTest.NeoStoxTest2" name="validatigUsename" time="9.206"/>
  <system-out>
    <![CDATA[getting actual username
testcase  validatigUsename  is pass]]>
  </system-out>
</testsuite> <!-- neostoxTest.NeoStoxTest2 -->
