<?xml version="1.0" encoding="UTF-8"?>
<!-- Generated by org.testng.reporters.JUnitReportReporter -->
<testsuite hostname="HP" failures="0" tests="2" name="neostoxTest.NeoStoxTest1" time="20.925" errors="0" timestamp="2022-12-09T20:39:55 IST" skipped="0">
  <testcase classname="neostoxTest.NeoStoxTest1" name="validatingFunds" time="13.878"/>
  <system-out>
    <![CDATA[getting balance
testcase  validatingFunds  is pass]]>
  </system-out>
  <testcase classname="neostoxTest.NeoStoxTest1" name="validateUsernamefrom" time="7.047"/>
  <system-out>
    <![CDATA[getting actual username
testcase  validateUsernamefrom  is pass]]>
  </system-out>
</testsuite> <!-- neostoxTest.NeoStoxTest1 -->
